[2019-05-19T03:19:27.179] [DEBUG] main - app started
[2019-05-19T03:20:08.642] [DEBUG] userRouter - getting user details sainaledava@gmail.com
[2019-05-19T03:20:10.215] [DEBUG] userRouter - getting user details sainaledava@gmail.com
[2019-05-19T03:20:15.793] [DEBUG] userRouter - registering user { authToken:
   'ya29.GlsNB2epvaOMH0cP15PyUlMtlZqLMlsFWIC0uoShNBUEPMG1Q71CRUBcScr173hNGC980B6zkvtAjpMUEBD_H4TV7RUjkbvD8zSYXbyEP2DnDTujHskpP4-IHeFz',
  email: 'sainaledava@gmail.com',
  firstName: 'Mohammed Sainal',
  id: '111638453816459182447',
  idToken:
   'eyJhbGciOiJSUzI1NiIsImtpZCI6IjJjM2ZhYzE2YjczZmM4NDhkNDI2ZDVhMjI1YWM4MmJjMWMwMmFlZmQiLCJ0eXAiOiJKV1QifQ.eyJpc3MiOiJhY2NvdW50cy5nb29nbGUuY29tIiwiYXpwIjoiNDU0Nzc5OTQ4MTc5LXRpb29nbXBpNGtjNzlmOGI5MHJzbWc1a212c3MzNWdlLmFwcHMuZ29vZ2xldXNlcmNvbnRlbnQuY29tIiwiYXVkIjoiNDU0Nzc5OTQ4MTc5LXRpb29nbXBpNGtjNzlmOGI5MHJzbWc1a212c3MzNWdlLmFwcHMuZ29vZ2xldXNlcmNvbnRlbnQuY29tIiwic3ViIjoiMTExNjM4NDUzODE2NDU5MTgyNDQ3IiwiZW1haWwiOiJzYWluYWxlZGF2YUBnbWFpbC5jb20iLCJlbWFpbF92ZXJpZmllZCI6dHJ1ZSwiYXRfaGFzaCI6IjB2UWxZa2Z4NG9QT0ZCNkF5ZW42Q3ciLCJuYW1lIjoiTW9oYW1tZWQgU2FpbmFsIFNoYWgiLCJwaWN0dXJlIjoiaHR0cHM6Ly9saDMuZ29vZ2xldXNlcmNvbnRlbnQuY29tLy01SzBPWWg1QllXOC9BQUFBQUFBQUFBSS9BQUFBQUFBQUlOdy9EN3BtdWZCWGtwMC9zOTYtYy9waG90by5qcGciLCJnaXZlbl9uYW1lIjoiTW9oYW1tZWQgU2FpbmFsIiwiZmFtaWx5X25hbWUiOiJTaGFoIiwibG9jYWxlIjoiZW4tR0IiLCJpYXQiOjE1NTgxOTgwMTcsImV4cCI6MTU1ODIwMTYxNywianRpIjoiNmExYjI4ZDUzZmJhOWEzMmJmMjQxMGMyZDE4NDQ5YjE5ZmRlOGFmNSJ9.hvyEpmTDptsM8_S9Lm1g6lSsfLSEtnqm0teW5pnptpR6VsfnhybClZbx9H10j9g33t8sf_8vVZa5zygqZ58FFOKQ7EfYWktTcLk6yY_oFdxB8j2-breFywZBnxHwTpW4Nu7VLXG2mBddUtrQBx9xnKHpGgAITHq1yThH7nqgFpcqyc_tAFGDd_5q04vOa1Cto6nG2zORzdjnykT1uPFK57CZTDAtd2dUZ73Za0O-SHeHZnCXFfNgfSXTwHEWISNUKSZw7fzz1NcjatY9CPCkaZCTyIyk9NGXFtX4SzN23ajn63dyPnp_9JwmKorFo0TW6WfgnxWTBPPokqN1yCVB7g',
  lastName: 'Shah',
  name: 'Mohammed Sainal Shah',
  photoUrl:
   'https://lh3.googleusercontent.com/-5K0OYh5BYW8/AAAAAAAAAAI/AAAAAAAAINw/D7pmufBXkp0/s96-c/photo.jpg',
  provider: 'GOOGLE' }
[2019-05-19T03:20:15.802] [DEBUG] userRouter - error saving user
[2019-05-19T03:20:15.803] [DEBUG] userRouter - new user saved sainaledava@gmail.com
[2019-05-19T03:22:22.655] [DEBUG] main - app started
[2019-05-19T03:25:09.339] [DEBUG] userRouter - getting user details sainaledava@gmail.com
[2019-05-19T03:25:14.058] [DEBUG] userRouter - registering user { authToken:
   'ya29.GlsNB2epvaOMH0cP15PyUlMtlZqLMlsFWIC0uoShNBUEPMG1Q71CRUBcScr173hNGC980B6zkvtAjpMUEBD_H4TV7RUjkbvD8zSYXbyEP2DnDTujHskpP4-IHeFz',
  email: 'sainaledava@gmail.com',
  firstName: 'Mohammed Sainal',
  id: '111638453816459182447',
  idToken:
   'eyJhbGciOiJSUzI1NiIsImtpZCI6IjJjM2ZhYzE2YjczZmM4NDhkNDI2ZDVhMjI1YWM4MmJjMWMwMmFlZmQiLCJ0eXAiOiJKV1QifQ.eyJpc3MiOiJhY2NvdW50cy5nb29nbGUuY29tIiwiYXpwIjoiNDU0Nzc5OTQ4MTc5LXRpb29nbXBpNGtjNzlmOGI5MHJzbWc1a212c3MzNWdlLmFwcHMuZ29vZ2xldXNlcmNvbnRlbnQuY29tIiwiYXVkIjoiNDU0Nzc5OTQ4MTc5LXRpb29nbXBpNGtjNzlmOGI5MHJzbWc1a212c3MzNWdlLmFwcHMuZ29vZ2xldXNlcmNvbnRlbnQuY29tIiwic3ViIjoiMTExNjM4NDUzODE2NDU5MTgyNDQ3IiwiZW1haWwiOiJzYWluYWxlZGF2YUBnbWFpbC5jb20iLCJlbWFpbF92ZXJpZmllZCI6dHJ1ZSwiYXRfaGFzaCI6IjB2UWxZa2Z4NG9QT0ZCNkF5ZW42Q3ciLCJuYW1lIjoiTW9oYW1tZWQgU2FpbmFsIFNoYWgiLCJwaWN0dXJlIjoiaHR0cHM6Ly9saDMuZ29vZ2xldXNlcmNvbnRlbnQuY29tLy01SzBPWWg1QllXOC9BQUFBQUFBQUFBSS9BQUFBQUFBQUlOdy9EN3BtdWZCWGtwMC9zOTYtYy9waG90by5qcGciLCJnaXZlbl9uYW1lIjoiTW9oYW1tZWQgU2FpbmFsIiwiZmFtaWx5X25hbWUiOiJTaGFoIiwibG9jYWxlIjoiZW4tR0IiLCJpYXQiOjE1NTgxOTgwMTcsImV4cCI6MTU1ODIwMTYxNywianRpIjoiNmExYjI4ZDUzZmJhOWEzMmJmMjQxMGMyZDE4NDQ5YjE5ZmRlOGFmNSJ9.hvyEpmTDptsM8_S9Lm1g6lSsfLSEtnqm0teW5pnptpR6VsfnhybClZbx9H10j9g33t8sf_8vVZa5zygqZ58FFOKQ7EfYWktTcLk6yY_oFdxB8j2-breFywZBnxHwTpW4Nu7VLXG2mBddUtrQBx9xnKHpGgAITHq1yThH7nqgFpcqyc_tAFGDd_5q04vOa1Cto6nG2zORzdjnykT1uPFK57CZTDAtd2dUZ73Za0O-SHeHZnCXFfNgfSXTwHEWISNUKSZw7fzz1NcjatY9CPCkaZCTyIyk9NGXFtX4SzN23ajn63dyPnp_9JwmKorFo0TW6WfgnxWTBPPokqN1yCVB7g',
  lastName: 'Shah',
  name: 'Mohammed Sainal Shah',
  photoUrl:
   'https://lh3.googleusercontent.com/-5K0OYh5BYW8/AAAAAAAAAAI/AAAAAAAAINw/D7pmufBXkp0/s96-c/photo.jpg',
  provider: 'GOOGLE' }
[2019-05-19T03:25:14.067] [DEBUG] userRouter - error saving user
[2019-05-19T03:25:45.917] [DEBUG] main - app started
[2019-05-19T03:25:50.945] [DEBUG] userRouter - registering user { authToken:
   'ya29.GlsNB2epvaOMH0cP15PyUlMtlZqLMlsFWIC0uoShNBUEPMG1Q71CRUBcScr173hNGC980B6zkvtAjpMUEBD_H4TV7RUjkbvD8zSYXbyEP2DnDTujHskpP4-IHeFz',
  email: 'sainaledava@gmail.com',
  firstName: 'Mohammed Sainal',
  id: '111638453816459182447',
  idToken:
   'eyJhbGciOiJSUzI1NiIsImtpZCI6IjJjM2ZhYzE2YjczZmM4NDhkNDI2ZDVhMjI1YWM4MmJjMWMwMmFlZmQiLCJ0eXAiOiJKV1QifQ.eyJpc3MiOiJhY2NvdW50cy5nb29nbGUuY29tIiwiYXpwIjoiNDU0Nzc5OTQ4MTc5LXRpb29nbXBpNGtjNzlmOGI5MHJzbWc1a212c3MzNWdlLmFwcHMuZ29vZ2xldXNlcmNvbnRlbnQuY29tIiwiYXVkIjoiNDU0Nzc5OTQ4MTc5LXRpb29nbXBpNGtjNzlmOGI5MHJzbWc1a212c3MzNWdlLmFwcHMuZ29vZ2xldXNlcmNvbnRlbnQuY29tIiwic3ViIjoiMTExNjM4NDUzODE2NDU5MTgyNDQ3IiwiZW1haWwiOiJzYWluYWxlZGF2YUBnbWFpbC5jb20iLCJlbWFpbF92ZXJpZmllZCI6dHJ1ZSwiYXRfaGFzaCI6IjB2UWxZa2Z4NG9QT0ZCNkF5ZW42Q3ciLCJuYW1lIjoiTW9oYW1tZWQgU2FpbmFsIFNoYWgiLCJwaWN0dXJlIjoiaHR0cHM6Ly9saDMuZ29vZ2xldXNlcmNvbnRlbnQuY29tLy01SzBPWWg1QllXOC9BQUFBQUFBQUFBSS9BQUFBQUFBQUlOdy9EN3BtdWZCWGtwMC9zOTYtYy9waG90by5qcGciLCJnaXZlbl9uYW1lIjoiTW9oYW1tZWQgU2FpbmFsIiwiZmFtaWx5X25hbWUiOiJTaGFoIiwibG9jYWxlIjoiZW4tR0IiLCJpYXQiOjE1NTgxOTgwMTcsImV4cCI6MTU1ODIwMTYxNywianRpIjoiNmExYjI4ZDUzZmJhOWEzMmJmMjQxMGMyZDE4NDQ5YjE5ZmRlOGFmNSJ9.hvyEpmTDptsM8_S9Lm1g6lSsfLSEtnqm0teW5pnptpR6VsfnhybClZbx9H10j9g33t8sf_8vVZa5zygqZ58FFOKQ7EfYWktTcLk6yY_oFdxB8j2-breFywZBnxHwTpW4Nu7VLXG2mBddUtrQBx9xnKHpGgAITHq1yThH7nqgFpcqyc_tAFGDd_5q04vOa1Cto6nG2zORzdjnykT1uPFK57CZTDAtd2dUZ73Za0O-SHeHZnCXFfNgfSXTwHEWISNUKSZw7fzz1NcjatY9CPCkaZCTyIyk9NGXFtX4SzN23ajn63dyPnp_9JwmKorFo0TW6WfgnxWTBPPokqN1yCVB7g',
  lastName: 'Shah',
  name: 'Mohammed Sainal Shah',
  photoUrl:
   'https://lh3.googleusercontent.com/-5K0OYh5BYW8/AAAAAAAAAAI/AAAAAAAAINw/D7pmufBXkp0/s96-c/photo.jpg',
  provider: 'GOOGLE' }
[2019-05-19T03:25:50.958] [DEBUG] userRouter - error saving user { MongoError: E11000 duplicate key error collection: bookingManager.users index: email_1 dup key: { : "sainaledava@gmail.com" }
    at Function.create (/home/sainal/Projects/BookingManagerServices/node_modules/mongodb-core/lib/error.js:43:12)
    at toError (/home/sainal/Projects/BookingManagerServices/node_modules/mongodb/lib/utils.js:149:22)
    at coll.s.topology.insert (/home/sainal/Projects/BookingManagerServices/node_modules/mongodb/lib/operations/collection_ops.js:859:39)
    at /home/sainal/Projects/BookingManagerServices/node_modules/mongodb-core/lib/connection/pool.js:397:18
    at process._tickCallback (internal/process/next_tick.js:61:11)
  driver: true,
  name: 'MongoError',
  index: 0,
  code: 11000,
  errmsg:
   'E11000 duplicate key error collection: bookingManager.users index: email_1 dup key: { : "sainaledava@gmail.com" }',
  [Symbol(mongoErrorContextSymbol)]: {} }
[2019-05-19T03:31:10.971] [DEBUG] userRouter - registering user { authToken:
   'ya29.GlsNB2epvaOMH0cP15PyUlMtlZqLMlsFWIC0uoShNBUEPMG1Q71CRUBcScr173hNGC980B6zkvtAjpMUEBD_H4TV7RUjkbvD8zSYXbyEP2DnDTujHskpP4-IHeFz',
  email: 'sainaledava@gmail.com',
  firstName: 'Mohammed Sainal',
  id: '111638453816459182447',
  idToken:
   'eyJhbGciOiJSUzI1NiIsImtpZCI6IjJjM2ZhYzE2YjczZmM4NDhkNDI2ZDVhMjI1YWM4MmJjMWMwMmFlZmQiLCJ0eXAiOiJKV1QifQ.eyJpc3MiOiJhY2NvdW50cy5nb29nbGUuY29tIiwiYXpwIjoiNDU0Nzc5OTQ4MTc5LXRpb29nbXBpNGtjNzlmOGI5MHJzbWc1a212c3MzNWdlLmFwcHMuZ29vZ2xldXNlcmNvbnRlbnQuY29tIiwiYXVkIjoiNDU0Nzc5OTQ4MTc5LXRpb29nbXBpNGtjNzlmOGI5MHJzbWc1a212c3MzNWdlLmFwcHMuZ29vZ2xldXNlcmNvbnRlbnQuY29tIiwic3ViIjoiMTExNjM4NDUzODE2NDU5MTgyNDQ3IiwiZW1haWwiOiJzYWluYWxlZGF2YUBnbWFpbC5jb20iLCJlbWFpbF92ZXJpZmllZCI6dHJ1ZSwiYXRfaGFzaCI6IjB2UWxZa2Z4NG9QT0ZCNkF5ZW42Q3ciLCJuYW1lIjoiTW9oYW1tZWQgU2FpbmFsIFNoYWgiLCJwaWN0dXJlIjoiaHR0cHM6Ly9saDMuZ29vZ2xldXNlcmNvbnRlbnQuY29tLy01SzBPWWg1QllXOC9BQUFBQUFBQUFBSS9BQUFBQUFBQUlOdy9EN3BtdWZCWGtwMC9zOTYtYy9waG90by5qcGciLCJnaXZlbl9uYW1lIjoiTW9oYW1tZWQgU2FpbmFsIiwiZmFtaWx5X25hbWUiOiJTaGFoIiwibG9jYWxlIjoiZW4tR0IiLCJpYXQiOjE1NTgxOTgwMTcsImV4cCI6MTU1ODIwMTYxNywianRpIjoiNmExYjI4ZDUzZmJhOWEzMmJmMjQxMGMyZDE4NDQ5YjE5ZmRlOGFmNSJ9.hvyEpmTDptsM8_S9Lm1g6lSsfLSEtnqm0teW5pnptpR6VsfnhybClZbx9H10j9g33t8sf_8vVZa5zygqZ58FFOKQ7EfYWktTcLk6yY_oFdxB8j2-breFywZBnxHwTpW4Nu7VLXG2mBddUtrQBx9xnKHpGgAITHq1yThH7nqgFpcqyc_tAFGDd_5q04vOa1Cto6nG2zORzdjnykT1uPFK57CZTDAtd2dUZ73Za0O-SHeHZnCXFfNgfSXTwHEWISNUKSZw7fzz1NcjatY9CPCkaZCTyIyk9NGXFtX4SzN23ajn63dyPnp_9JwmKorFo0TW6WfgnxWTBPPokqN1yCVB7g',
  lastName: 'Shah',
  name: 'Mohammed Sainal Shah',
  photoUrl:
   'https://lh3.googleusercontent.com/-5K0OYh5BYW8/AAAAAAAAAAI/AAAAAAAAINw/D7pmufBXkp0/s96-c/photo.jpg',
  provider: 'GOOGLE' }
[2019-05-19T03:31:10.974] [DEBUG] userRouter - new user saved sainaledava@gmail.com
[2019-05-19T03:34:00.349] [DEBUG] main - app started
[2019-05-19T03:34:07.986] [DEBUG] userRouter - registering user { authToken:
   'ya29.GlsNB2epvaOMH0cP15PyUlMtlZqLMlsFWIC0uoShNBUEPMG1Q71CRUBcScr173hNGC980B6zkvtAjpMUEBD_H4TV7RUjkbvD8zSYXbyEP2DnDTujHskpP4-IHeFz',
  email: 'sainaledava@gmail.com',
  firstName: 'Mohammed Sainal',
  id: '111638453816459182447',
  idToken:
   'eyJhbGciOiJSUzI1NiIsImtpZCI6IjJjM2ZhYzE2YjczZmM4NDhkNDI2ZDVhMjI1YWM4MmJjMWMwMmFlZmQiLCJ0eXAiOiJKV1QifQ.eyJpc3MiOiJhY2NvdW50cy5nb29nbGUuY29tIiwiYXpwIjoiNDU0Nzc5OTQ4MTc5LXRpb29nbXBpNGtjNzlmOGI5MHJzbWc1a212c3MzNWdlLmFwcHMuZ29vZ2xldXNlcmNvbnRlbnQuY29tIiwiYXVkIjoiNDU0Nzc5OTQ4MTc5LXRpb29nbXBpNGtjNzlmOGI5MHJzbWc1a212c3MzNWdlLmFwcHMuZ29vZ2xldXNlcmNvbnRlbnQuY29tIiwic3ViIjoiMTExNjM4NDUzODE2NDU5MTgyNDQ3IiwiZW1haWwiOiJzYWluYWxlZGF2YUBnbWFpbC5jb20iLCJlbWFpbF92ZXJpZmllZCI6dHJ1ZSwiYXRfaGFzaCI6IjB2UWxZa2Z4NG9QT0ZCNkF5ZW42Q3ciLCJuYW1lIjoiTW9oYW1tZWQgU2FpbmFsIFNoYWgiLCJwaWN0dXJlIjoiaHR0cHM6Ly9saDMuZ29vZ2xldXNlcmNvbnRlbnQuY29tLy01SzBPWWg1QllXOC9BQUFBQUFBQUFBSS9BQUFBQUFBQUlOdy9EN3BtdWZCWGtwMC9zOTYtYy9waG90by5qcGciLCJnaXZlbl9uYW1lIjoiTW9oYW1tZWQgU2FpbmFsIiwiZmFtaWx5X25hbWUiOiJTaGFoIiwibG9jYWxlIjoiZW4tR0IiLCJpYXQiOjE1NTgxOTgwMTcsImV4cCI6MTU1ODIwMTYxNywianRpIjoiNmExYjI4ZDUzZmJhOWEzMmJmMjQxMGMyZDE4NDQ5YjE5ZmRlOGFmNSJ9.hvyEpmTDptsM8_S9Lm1g6lSsfLSEtnqm0teW5pnptpR6VsfnhybClZbx9H10j9g33t8sf_8vVZa5zygqZ58FFOKQ7EfYWktTcLk6yY_oFdxB8j2-breFywZBnxHwTpW4Nu7VLXG2mBddUtrQBx9xnKHpGgAITHq1yThH7nqgFpcqyc_tAFGDd_5q04vOa1Cto6nG2zORzdjnykT1uPFK57CZTDAtd2dUZ73Za0O-SHeHZnCXFfNgfSXTwHEWISNUKSZw7fzz1NcjatY9CPCkaZCTyIyk9NGXFtX4SzN23ajn63dyPnp_9JwmKorFo0TW6WfgnxWTBPPokqN1yCVB7g',
  lastName: 'Shah',
  name: 'Mohammed Sainal Shah',
  photoUrl:
   'https://lh3.googleusercontent.com/-5K0OYh5BYW8/AAAAAAAAAAI/AAAAAAAAINw/D7pmufBXkp0/s96-c/photo.jpg',
  provider: 'GOOGLE' }
[2019-05-19T03:34:07.999] [DEBUG] userRouter - new user saved sainaledava@gmail.com
[2019-05-19T03:37:13.642] [DEBUG] main - app started
[2019-05-19T03:37:52.156] [DEBUG] userRouter - registering user { authToken:
   'ya29.GlsNB2epvaOMH0cP15PyUlMtlZqLMlsFWIC0uoShNBUEPMG1Q71CRUBcScr173hNGC980B6zkvtAjpMUEBD_H4TV7RUjkbvD8zSYXbyEP2DnDTujHskpP4-IHeFz',
  email: 'sainaledava@gmail.com',
  firstName: 'Mohammed Sainal',
  id: '111638453816459182447',
  idToken:
   'eyJhbGciOiJSUzI1NiIsImtpZCI6IjJjM2ZhYzE2YjczZmM4NDhkNDI2ZDVhMjI1YWM4MmJjMWMwMmFlZmQiLCJ0eXAiOiJKV1QifQ.eyJpc3MiOiJhY2NvdW50cy5nb29nbGUuY29tIiwiYXpwIjoiNDU0Nzc5OTQ4MTc5LXRpb29nbXBpNGtjNzlmOGI5MHJzbWc1a212c3MzNWdlLmFwcHMuZ29vZ2xldXNlcmNvbnRlbnQuY29tIiwiYXVkIjoiNDU0Nzc5OTQ4MTc5LXRpb29nbXBpNGtjNzlmOGI5MHJzbWc1a212c3MzNWdlLmFwcHMuZ29vZ2xldXNlcmNvbnRlbnQuY29tIiwic3ViIjoiMTExNjM4NDUzODE2NDU5MTgyNDQ3IiwiZW1haWwiOiJzYWluYWxlZGF2YUBnbWFpbC5jb20iLCJlbWFpbF92ZXJpZmllZCI6dHJ1ZSwiYXRfaGFzaCI6IjB2UWxZa2Z4NG9QT0ZCNkF5ZW42Q3ciLCJuYW1lIjoiTW9oYW1tZWQgU2FpbmFsIFNoYWgiLCJwaWN0dXJlIjoiaHR0cHM6Ly9saDMuZ29vZ2xldXNlcmNvbnRlbnQuY29tLy01SzBPWWg1QllXOC9BQUFBQUFBQUFBSS9BQUFBQUFBQUlOdy9EN3BtdWZCWGtwMC9zOTYtYy9waG90by5qcGciLCJnaXZlbl9uYW1lIjoiTW9oYW1tZWQgU2FpbmFsIiwiZmFtaWx5X25hbWUiOiJTaGFoIiwibG9jYWxlIjoiZW4tR0IiLCJpYXQiOjE1NTgxOTgwMTcsImV4cCI6MTU1ODIwMTYxNywianRpIjoiNmExYjI4ZDUzZmJhOWEzMmJmMjQxMGMyZDE4NDQ5YjE5ZmRlOGFmNSJ9.hvyEpmTDptsM8_S9Lm1g6lSsfLSEtnqm0teW5pnptpR6VsfnhybClZbx9H10j9g33t8sf_8vVZa5zygqZ58FFOKQ7EfYWktTcLk6yY_oFdxB8j2-breFywZBnxHwTpW4Nu7VLXG2mBddUtrQBx9xnKHpGgAITHq1yThH7nqgFpcqyc_tAFGDd_5q04vOa1Cto6nG2zORzdjnykT1uPFK57CZTDAtd2dUZ73Za0O-SHeHZnCXFfNgfSXTwHEWISNUKSZw7fzz1NcjatY9CPCkaZCTyIyk9NGXFtX4SzN23ajn63dyPnp_9JwmKorFo0TW6WfgnxWTBPPokqN1yCVB7g',
  lastName: 'Shah',
  name: 'Mohammed Sainal Shah',
  photoUrl:
   'https://lh3.googleusercontent.com/-5K0OYh5BYW8/AAAAAAAAAAI/AAAAAAAAINw/D7pmufBXkp0/s96-c/photo.jpg',
  provider: 'GOOGLE' }
[2019-05-19T03:37:52.169] [DEBUG] userRouter - new user saved sainaledava@gmail.com
[2019-05-19T03:38:04.503] [DEBUG] userRouter - getting user details sainaledava@gmail.com
[2019-05-19T03:38:25.434] [DEBUG] userRouter - registering user { authToken:
   'ya29.GlsNB2epvaOMH0cP15PyUlMtlZqLMlsFWIC0uoShNBUEPMG1Q71CRUBcScr173hNGC980B6zkvtAjpMUEBD_H4TV7RUjkbvD8zSYXbyEP2DnDTujHskpP4-IHeFz',
  email: 'sainaledava@gmail.com',
  firstName: 'Mohammed Sainal',
  id: '111638453816459182447',
  idToken:
   'eyJhbGciOiJSUzI1NiIsImtpZCI6IjJjM2ZhYzE2YjczZmM4NDhkNDI2ZDVhMjI1YWM4MmJjMWMwMmFlZmQiLCJ0eXAiOiJKV1QifQ.eyJpc3MiOiJhY2NvdW50cy5nb29nbGUuY29tIiwiYXpwIjoiNDU0Nzc5OTQ4MTc5LXRpb29nbXBpNGtjNzlmOGI5MHJzbWc1a212c3MzNWdlLmFwcHMuZ29vZ2xldXNlcmNvbnRlbnQuY29tIiwiYXVkIjoiNDU0Nzc5OTQ4MTc5LXRpb29nbXBpNGtjNzlmOGI5MHJzbWc1a212c3MzNWdlLmFwcHMuZ29vZ2xldXNlcmNvbnRlbnQuY29tIiwic3ViIjoiMTExNjM4NDUzODE2NDU5MTgyNDQ3IiwiZW1haWwiOiJzYWluYWxlZGF2YUBnbWFpbC5jb20iLCJlbWFpbF92ZXJpZmllZCI6dHJ1ZSwiYXRfaGFzaCI6IjB2UWxZa2Z4NG9QT0ZCNkF5ZW42Q3ciLCJuYW1lIjoiTW9oYW1tZWQgU2FpbmFsIFNoYWgiLCJwaWN0dXJlIjoiaHR0cHM6Ly9saDMuZ29vZ2xldXNlcmNvbnRlbnQuY29tLy01SzBPWWg1QllXOC9BQUFBQUFBQUFBSS9BQUFBQUFBQUlOdy9EN3BtdWZCWGtwMC9zOTYtYy9waG90by5qcGciLCJnaXZlbl9uYW1lIjoiTW9oYW1tZWQgU2FpbmFsIiwiZmFtaWx5X25hbWUiOiJTaGFoIiwibG9jYWxlIjoiZW4tR0IiLCJpYXQiOjE1NTgxOTgwMTcsImV4cCI6MTU1ODIwMTYxNywianRpIjoiNmExYjI4ZDUzZmJhOWEzMmJmMjQxMGMyZDE4NDQ5YjE5ZmRlOGFmNSJ9.hvyEpmTDptsM8_S9Lm1g6lSsfLSEtnqm0teW5pnptpR6VsfnhybClZbx9H10j9g33t8sf_8vVZa5zygqZ58FFOKQ7EfYWktTcLk6yY_oFdxB8j2-breFywZBnxHwTpW4Nu7VLXG2mBddUtrQBx9xnKHpGgAITHq1yThH7nqgFpcqyc_tAFGDd_5q04vOa1Cto6nG2zORzdjnykT1uPFK57CZTDAtd2dUZ73Za0O-SHeHZnCXFfNgfSXTwHEWISNUKSZw7fzz1NcjatY9CPCkaZCTyIyk9NGXFtX4SzN23ajn63dyPnp_9JwmKorFo0TW6WfgnxWTBPPokqN1yCVB7g',
  lastName: 'Shah',
  name: 'Mohammed Sainal Shah',
  photoUrl:
   'https://lh3.googleusercontent.com/-5K0OYh5BYW8/AAAAAAAAAAI/AAAAAAAAINw/D7pmufBXkp0/s96-c/photo.jpg',
  provider: 'GOOGLE' }
[2019-05-19T03:38:25.437] [DEBUG] userRouter - error saving user { MongoError: E11000 duplicate key error collection: bookingManager.users index: email_1 dup key: { : "sainaledava@gmail.com" }
    at Function.create (/home/sainal/Projects/BookingManagerServices/node_modules/mongodb-core/lib/error.js:43:12)
    at toError (/home/sainal/Projects/BookingManagerServices/node_modules/mongodb/lib/utils.js:149:22)
    at coll.s.topology.insert (/home/sainal/Projects/BookingManagerServices/node_modules/mongodb/lib/operations/collection_ops.js:859:39)
    at /home/sainal/Projects/BookingManagerServices/node_modules/mongodb-core/lib/connection/pool.js:397:18
    at process._tickCallback (internal/process/next_tick.js:61:11)
  driver: true,
  name: 'MongoError',
  index: 0,
  code: 11000,
  errmsg:
   'E11000 duplicate key error collection: bookingManager.users index: email_1 dup key: { : "sainaledava@gmail.com" }',
  [Symbol(mongoErrorContextSymbol)]: {} }
[2019-05-19T11:54:25.578] [DEBUG] main - app started
[2019-05-19T11:55:28.193] [DEBUG] main - app started
[2019-05-19T11:56:02.305] [DEBUG] userRouter - getting user details sainaledava@gmail.com
[2019-05-19T11:57:58.301] [DEBUG] userRouter - getting user details undefined
[2019-05-19T12:04:32.342] [DEBUG] userRouter - getting user details sainaledava@gmail.com
[2019-05-19T12:05:00.723] [DEBUG] groupRouter - adding group { name: 'Badminton',
  members: [ '5ce05f1052cdec067a03e346' ],
  createdBy: '5ce05f1052cdec067a03e346' }
[2019-05-19T12:05:00.764] [DEBUG] groupRouter - new group saved undefined
[2019-05-19T12:06:55.111] [DEBUG] groupRouter - getting groups for group 5ce05f1052cdec067a03e346
[2019-05-19T12:08:16.996] [DEBUG] main - app started
[2019-05-19T12:08:23.037] [DEBUG] groupRouter - getting groups for group 5ce05f1052cdec067a03e346
[2019-05-19T17:17:13.927] [DEBUG] main - app started
[2019-05-19T17:17:34.755] [DEBUG] main - app started
[2019-05-19T17:21:04.971] [DEBUG] groupRouter - getting groups for group 5ce05f1052cdec067a03e346
[2019-05-19T17:24:10.497] [DEBUG] bookingRouter - adding booking { name: 'Badminton',
  startTime: '2019-05-20 11:00:00',
  endTime: '2019-05-20 12:00:00',
  venue: 'Hougang Sports Hall',
  attendees: '5ce0d5ec2d6fbb23ed646ee1',
  group: '5ce0d5ec2d6fbb23ed646ee1',
  active: 'true',
  attachementPath: 'test',
  createdBy: '5ce05f1052cdec067a03e346' }
[2019-05-19T17:24:10.521] [DEBUG] bookingRouter - new booking saved
[2019-05-19T17:25:25.176] [DEBUG] bookingRouter - getting bookings for booking 5ce0d5ec2d6fbb23ed646ee1
[2019-05-19T17:26:22.790] [DEBUG] main - app started
[2019-05-19T17:26:28.358] [DEBUG] bookingRouter - getting bookings for group 5ce0d5ec2d6fbb23ed646ee1
[2019-05-19T17:28:45.059] [DEBUG] bookingRouter - updating booking { _id: '5ce120ba9fbe6931ecd547d0',
  name: 'Badminton',
  startTime: '2019-05-20 11:00:00',
  endTime: '2019-05-20 12:00:00',
  venue: 'Bishan ActiveSG Sports Hall',
  attendees: '5ce0d5ec2d6fbb23ed646ee1',
  group: '5ce0d5ec2d6fbb23ed646ee1',
  active: 'true',
  attachementPath: 'test',
  createdBy: '5ce05f1052cdec067a03e346' }
[2019-05-19T17:28:45.068] [DEBUG] bookingRouter - new booking updated
[2019-05-19T17:28:49.986] [DEBUG] bookingRouter - getting bookings for group 5ce0d5ec2d6fbb23ed646ee1
